<?xml version="1.0" encoding="UTF-8"?>
<testsuite xmlns:xsi="http://www.w3.org/2001/XMLSchema-instance" xsi:noNamespaceSchemaLocation="https://maven.apache.org/surefire/maven-surefire-plugin/xsd/surefire-test-report-3.0.xsd" version="3.0" name="com.example.cars_service.CarsServiceApplicationTests" time="4.371" tests="1" errors="0" skipped="0" failures="0">
  <properties>
[...]
</properties>
  <testcase name="contextLoads" classname="com.example.cars_service.CarsServiceApplicationTests" time="0.106">
    <system-out><![CDATA[13:42:17.560 [main] DEBUG org.springframework.boot.test.context.SpringBootTestContextBootstrapper -- Neither @ContextConfiguration nor @ContextHierarchy found for test class [CarsServiceApplicationTests]: using SpringBootContextLoader
13:42:17.563 [main] DEBUG org.springframework.test.context.support.AbstractContextLoader -- Could not detect default resource locations for test class [com.example.cars_service.CarsServiceApplicationTests]: no resource found for suffixes {-context.xml, Context.groovy}.
13:42:17.563 [main] INFO org.springframework.test.context.support.AnnotationConfigContextLoaderUtils -- Could not detect default configuration classes for test class [com.example.cars_service.CarsServiceApplicationTests]: CarsServiceApplicationTests does not declare any static, non-private, non-final, nested classes annotated with @Configuration.
13:42:17.579 [main] DEBUG org.springframework.boot.test.context.SpringBootTestContextBootstrapper -- Using ContextCustomizers for test class [CarsServiceApplicationTests]: [ExcludeFilterContextCustomizer, DuplicateJsonObjectContextCustomizer, MockitoContextCustomizer, TestRestTemplateContextCustomizer, WebTestClientContextCustomizer, DisableObservabilityContextCustomizer, PropertyMappingContextCustomizer, Customizer]
13:42:17.628 [main] DEBUG org.springframework.context.annotation.ClassPathScanningCandidateComponentProvider -- Identified candidate component class: file [C:\Users\rafag\dev\maestria\car-inventory-system\cars-service\target\classes\com\example\cars_service\CarsServiceApplication.class]
13:42:17.630 [main] INFO org.springframework.boot.test.context.SpringBootTestContextBootstrapper -- Found @SpringBootConfiguration com.example.cars_service.CarsServiceApplication for test class com.example.cars_service.CarsServiceApplicationTests
13:42:17.704 [main] DEBUG org.springframework.boot.test.context.SpringBootTestContextBootstrapper -- Using TestExecutionListeners for test class [CarsServiceApplicationTests]: [ServletTestExecutionListener, DirtiesContextBeforeModesTestExecutionListener, ApplicationEventsTestExecutionListener, MockitoTestExecutionListener, DependencyInjectionTestExecutionListener, DirtiesContextTestExecutionListener, TransactionalTestExecutionListener, SqlScriptsTestExecutionListener, EventPublishingTestExecutionListener, ResetMocksTestExecutionListener, RestDocsTestExecutionListener, MockRestServiceServerResetTestExecutionListener, MockMvcPrintOnlyOnFailureTestExecutionListener, WebDriverTestExecutionListener, MockWebServiceServerTestExecutionListener]
13:42:17.705 [main] DEBUG org.springframework.test.context.support.AbstractDirtiesContextTestExecutionListener -- Before test class: class [CarsServiceApplicationTests], class annotated with @DirtiesContext [false] with mode [null]

  .   ____          _            __ _ _
 /\\ / ___'_ __ _ _(_)_ __  __ _ \ \ \ \
( ( )\___ | '_ | '_| | '_ \/ _` | \ \ \ \
 \\/  ___)| |_)| | | | | || (_| |  ) ) ) )
  '  |____| .__|_| |_|_| |_\__, | / / / /
 =========|_|==============|___/=/_/_/_/
 :: Spring Boot ::                (v3.0.5)

2024-07-15T13:42:18.010-06:00  INFO 23192 --- [           main] c.e.c.CarsServiceApplicationTests        : Starting CarsServiceApplicationTests using Java 17.0.10 with PID 23192 (started by rafag in C:\Users\rafag\dev\maestria\car-inventory-system\cars-service)
2024-07-15T13:42:18.011-06:00  INFO 23192 --- [           main] c.e.c.CarsServiceApplicationTests        : No active profile set, falling back to 1 default profile: "default"
2024-07-15T13:42:18.538-06:00  INFO 23192 --- [           main] .s.d.r.c.RepositoryConfigurationDelegate : Bootstrapping Spring Data JPA repositories in DEFAULT mode.
2024-07-15T13:42:18.665-06:00  INFO 23192 --- [           main] .s.d.r.c.RepositoryConfigurationDelegate : Finished Spring Data repository scanning in 118 ms. Found 3 JPA repository interfaces.
2024-07-15T13:42:18.888-06:00  INFO 23192 --- [           main] o.s.cloud.context.scope.GenericScope     : BeanFactory id=85709eba-c934-33ba-8bc1-c83d9f4e8f96
2024-07-15T13:42:18.993-06:00  INFO 23192 --- [           main] trationDelegate$BeanPostProcessorChecker : Bean 'org.springframework.cloud.client.loadbalancer.reactive.LoadBalancerBeanPostProcessorAutoConfiguration' of type [org.springframework.cloud.client.loadbalancer.reactive.LoadBalancerBeanPostProcessorAutoConfiguration] is not eligible for getting processed by all BeanPostProcessors (for example: not eligible for auto-proxying)
2024-07-15T13:42:18.994-06:00  INFO 23192 --- [           main] trationDelegate$BeanPostProcessorChecker : Bean 'org.springframework.cloud.client.loadbalancer.reactive.LoadBalancerBeanPostProcessorAutoConfiguration$ReactorDeferringLoadBalancerFilterConfig' of type [org.springframework.cloud.client.loadbalancer.reactive.LoadBalancerBeanPostProcessorAutoConfiguration$ReactorDeferringLoadBalancerFilterConfig] is not eligible for getting processed by all BeanPostProcessors (for example: not eligible for auto-proxying)
2024-07-15T13:42:18.995-06:00  INFO 23192 --- [           main] trationDelegate$BeanPostProcessorChecker : Bean 'reactorDeferringLoadBalancerExchangeFilterFunction' of type [org.springframework.cloud.client.loadbalancer.reactive.DeferringLoadBalancerExchangeFilterFunction] is not eligible for getting processed by all BeanPostProcessors (for example: not eligible for auto-proxying)
2024-07-15T13:42:19.140-06:00  INFO 23192 --- [           main] o.hibernate.jpa.internal.util.LogHelper  : HHH000204: Processing PersistenceUnitInfo [name: default]
2024-07-15T13:42:19.174-06:00  INFO 23192 --- [           main] org.hibernate.Version                    : HHH000412: Hibernate ORM core version 6.1.7.Final
2024-07-15T13:42:19.467-06:00  INFO 23192 --- [           main] com.zaxxer.hikari.HikariDataSource       : HikariPool-1 - Starting...
2024-07-15T13:42:19.602-06:00  INFO 23192 --- [           main] com.zaxxer.hikari.pool.HikariPool        : HikariPool-1 - Added connection conn0: url=jdbc:h2:mem:carsdb user=SA
2024-07-15T13:42:19.603-06:00  INFO 23192 --- [           main] com.zaxxer.hikari.HikariDataSource       : HikariPool-1 - Start completed.
2024-07-15T13:42:19.616-06:00  INFO 23192 --- [           main] SQL dialect                              : HHH000400: Using dialect: org.hibernate.dialect.H2Dialect
Hibernate: drop table if exists brand cascade 
Hibernate: drop table if exists car_model cascade 
Hibernate: drop table if exists car_version cascade 
Hibernate: create table brand (id bigint generated by default as identity, brand_name varchar(255), primary key (id))
Hibernate: create table car_model (id bigint generated by default as identity, car_name varchar(255), brand_id bigint not null, primary key (id))
Hibernate: create table car_version (id bigint generated by default as identity, full_name varchar(255), version_name varchar(255), car_model_id bigint, primary key (id))
Hibernate: alter table if exists car_model add constraint FKau0bm73fglfud55df9d8a539r foreign key (brand_id) references brand
Hibernate: alter table if exists car_version add constraint FK4u5dlqlsdd533bpbukvxkkt5m foreign key (car_model_id) references car_model
2024-07-15T13:42:20.120-06:00  INFO 23192 --- [           main] o.h.t.schema.internal.SchemaCreatorImpl  : HHH000476: Executing import script 'file:/C:/Users/rafag/dev/maestria/car-inventory-system/cars-service/target/classes/import.sql'
Hibernate: INSERT INTO brand (brand_name) VALUES ('Kia')
Hibernate: INSERT INTO brand (brand_name) VALUES ('Mazda')
Hibernate: INSERT INTO brand (brand_name) VALUES ('Honda')
Hibernate: INSERT INTO brand (brand_name) VALUES ('Toyota')
Hibernate: INSERT INTO car_model (car_name, brand_id) VALUES ('Rio', (SELECT id FROM brand WHERE brand_name = 'Kia'))
Hibernate: INSERT INTO car_model (car_name, brand_id) VALUES ('Sportage', (SELECT id FROM brand WHERE brand_name = 'Kia'))
Hibernate: INSERT INTO car_model (car_name, brand_id) VALUES ('3', (SELECT id FROM brand WHERE brand_name = 'Mazda'))
Hibernate: INSERT INTO car_model (car_name, brand_id) VALUES ('Civic', (SELECT id FROM brand WHERE brand_name = 'Honda'))
Hibernate: INSERT INTO car_model (car_name, brand_id) VALUES ('Corolla', (SELECT id FROM brand WHERE brand_name = 'Toyota'))
Hibernate: INSERT INTO car_version (version_name, full_name, car_model_id) VALUES ('LX TA', 'Kia Rio LX TA', (SELECT id FROM car_model WHERE car_name = 'Rio'))
Hibernate: INSERT INTO car_version (version_name, full_name, car_model_id) VALUES ('LX', 'Kia Sportage LX', (SELECT id FROM car_model WHERE car_name = 'Sportage'))
Hibernate: INSERT INTO car_version (version_name, full_name, car_model_id) VALUES ('i Sport TM', 'Mazda 3 i Sport TM', (SELECT id FROM car_model WHERE car_name = '3'))
Hibernate: INSERT INTO car_version (version_name, full_name, car_model_id) VALUES ('Touring', 'Honda Civic Touring', (SELECT id FROM car_model WHERE car_name = 'Civic'))
Hibernate: INSERT INTO car_version (version_name, full_name, car_model_id) VALUES ('XLE', 'Toyota Corolla XLE', (SELECT id FROM car_model WHERE car_name = 'Corolla'))
2024-07-15T13:42:20.130-06:00  INFO 23192 --- [           main] o.h.e.t.j.p.i.JtaPlatformInitiator       : HHH000490: Using JtaPlatform implementation: [org.hibernate.engine.transaction.jta.platform.internal.NoJtaPlatform]
2024-07-15T13:42:20.135-06:00  INFO 23192 --- [           main] j.LocalContainerEntityManagerFactoryBean : Initialized JPA EntityManagerFactory for persistence unit 'default'
2024-07-15T13:42:20.722-06:00  WARN 23192 --- [           main] JpaBaseConfiguration$JpaWebConfiguration : spring.jpa.open-in-view is enabled by default. Therefore, database queries may be performed during view rendering. Explicitly configure spring.jpa.open-in-view to disable this warning
2024-07-15T13:42:20.985-06:00  INFO 23192 --- [           main] o.s.b.a.h2.H2ConsoleAutoConfiguration    : H2 console available at '/h2-console'. Database available at 'jdbc:h2:mem:carsdb'
2024-07-15T13:42:21.181-06:00  INFO 23192 --- [           main] DiscoveryClientOptionalArgsConfiguration : Eureka HTTP Client uses RestTemplate.
2024-07-15T13:42:21.348-06:00  WARN 23192 --- [           main] iguration$LoadBalancerCaffeineWarnLogger : Spring Cloud LoadBalancer is currently working with the default cache. While this cache implementation is useful for development and tests, it's recommended to use Caffeine cache in production.You can switch to using Caffeine cache, by adding it and org.springframework.cache.caffeine.CaffeineCacheManager to the classpath.
2024-07-15T13:42:21.366-06:00  INFO 23192 --- [           main] o.s.c.n.eureka.InstanceInfoFactory       : Setting initial instance status as: STARTING
2024-07-15T13:42:21.428-06:00  INFO 23192 --- [           main] com.netflix.discovery.DiscoveryClient    : Initializing Eureka in region us-east-1
2024-07-15T13:42:21.431-06:00  INFO 23192 --- [           main] c.n.d.s.r.aws.ConfigClusterResolver      : Resolving eureka endpoints via configuration
2024-07-15T13:42:21.445-06:00  INFO 23192 --- [           main] com.netflix.discovery.DiscoveryClient    : Disable delta property : false
2024-07-15T13:42:21.445-06:00  INFO 23192 --- [           main] com.netflix.discovery.DiscoveryClient    : Single vip registry refresh property : null
2024-07-15T13:42:21.445-06:00  INFO 23192 --- [           main] com.netflix.discovery.DiscoveryClient    : Force full registry fetch : false
2024-07-15T13:42:21.445-06:00  INFO 23192 --- [           main] com.netflix.discovery.DiscoveryClient    : Application is null : false
2024-07-15T13:42:21.445-06:00  INFO 23192 --- [           main] com.netflix.discovery.DiscoveryClient    : Registered Applications size is zero : true
2024-07-15T13:42:21.445-06:00  INFO 23192 --- [           main] com.netflix.discovery.DiscoveryClient    : Application version is -1: true
2024-07-15T13:42:21.445-06:00  INFO 23192 --- [           main] com.netflix.discovery.DiscoveryClient    : Getting all instance registry info from the eureka server
2024-07-15T13:42:21.681-06:00  INFO 23192 --- [           main] com.netflix.discovery.DiscoveryClient    : The response status is 200
2024-07-15T13:42:21.683-06:00  INFO 23192 --- [           main] com.netflix.discovery.DiscoveryClient    : Starting heartbeat executor: renew interval is: 10
2024-07-15T13:42:21.685-06:00  INFO 23192 --- [           main] c.n.discovery.InstanceInfoReplicator     : InstanceInfoReplicator onDemand update allowed rate per min is 4
2024-07-15T13:42:21.689-06:00  INFO 23192 --- [           main] com.netflix.discovery.DiscoveryClient    : Discovery Client initialized at timestamp 1721072541689 with initial instances count: 3
2024-07-15T13:42:21.692-06:00  INFO 23192 --- [           main] o.s.c.n.e.s.EurekaServiceRegistry        : Registering application CARS-SERVICE with eureka with status UP
2024-07-15T13:42:21.692-06:00  INFO 23192 --- [           main] com.netflix.discovery.DiscoveryClient    : Saw local status change event StatusChangeEvent [timestamp=1721072541692, current=UP, previous=STARTING]
2024-07-15T13:42:21.694-06:00  INFO 23192 --- [nfoReplicator-0] com.netflix.discovery.DiscoveryClient    : DiscoveryClient_CARS-SERVICE/MSI:cars-service:8082: registering service...
2024-07-15T13:42:21.703-06:00  INFO 23192 --- [           main] c.e.c.CarsServiceApplicationTests        : Started CarsServiceApplicationTests in 3.969 seconds (process running for 4.626)
2024-07-15T13:42:21.727-06:00  INFO 23192 --- [nfoReplicator-0] com.netflix.discovery.DiscoveryClient    : DiscoveryClient_CARS-SERVICE/MSI:cars-service:8082 - registration status: 204
]]></system-out>
  </testcase>
</testsuite>