<?xml version="1.0" encoding="UTF-8"?>
<testsuite xmlns:xsi="http://www.w3.org/2001/XMLSchema-instance" xsi:noNamespaceSchemaLocation="https://maven.apache.org/surefire/maven-surefire-plugin/xsd/surefire-test-report-3.0.xsd" version="3.0" name="com.example.eurekaserver.EurekaServerApplicationTests" time="3.463" tests="1" errors="0" skipped="0" failures="0">
  <properties>
[...]
</properties>
  <testcase name="contextLoads" classname="com.example.eurekaserver.EurekaServerApplicationTests" time="0.343">
    <system-out><![CDATA[13:41:55.902 [main] INFO org.springframework.test.context.support.AnnotationConfigContextLoaderUtils -- Could not detect default configuration classes for test class [com.example.eurekaserver.EurekaServerApplicationTests]: EurekaServerApplicationTests does not declare any static, non-private, non-final, nested classes annotated with @Configuration.
13:41:55.972 [main] INFO org.springframework.boot.test.context.SpringBootTestContextBootstrapper -- Found @SpringBootConfiguration com.example.eurekaserver.EurekaServerApplication for test class com.example.eurekaserver.EurekaServerApplicationTests

  .   ____          _            __ _ _
 /\\ / ___'_ __ _ _(_)_ __  __ _ \ \ \ \
( ( )\___ | '_ | '_| | '_ \/ _` | \ \ \ \
 \\/  ___)| |_)| | | | | || (_| |  ) ) ) )
  '  |____| .__|_| |_|_| |_\__, | / / / /
 =========|_|==============|___/=/_/_/_/
 :: Spring Boot ::                (v3.1.1)

2024-07-15T13:41:56.360-06:00  INFO [eureka-server, , ] 30268 --- [           main] c.e.e.EurekaServerApplicationTests       : Starting EurekaServerApplicationTests using Java 17.0.10 with PID 30268 (started by rafag in C:\Users\rafag\dev\maestria\car-inventory-system\eureka-server)
2024-07-15T13:41:56.361-06:00  INFO [eureka-server, , ] 30268 --- [           main] c.e.e.EurekaServerApplicationTests       : No active profile set, falling back to 1 default profile: "default"
2024-07-15T13:41:56.387-06:00 DEBUG [eureka-server, , ] 30268 --- [           main] o.s.w.c.s.GenericWebApplicationContext   : Refreshing org.springframework.web.context.support.GenericWebApplicationContext@344561e0
2024-07-15T13:41:57.068-06:00  INFO [eureka-server, , ] 30268 --- [           main] o.s.cloud.context.scope.GenericScope     : BeanFactory id=8fc12d22-c517-3fba-8e0c-6d20246eb917
2024-07-15T13:41:57.525-06:00 DEBUG [eureka-server, , ] 30268 --- [           main] s.w.s.m.m.a.RequestMappingHandlerAdapter : ControllerAdvice beans: 0 @ModelAttribute, 0 @InitBinder, 1 RequestBodyAdvice, 1 ResponseBodyAdvice
2024-07-15T13:41:57.598-06:00 DEBUG [eureka-server, , ] 30268 --- [           main] s.w.s.m.m.a.RequestMappingHandlerMapping : 4 mappings in 'requestMappingHandlerMapping'
2024-07-15T13:41:57.620-06:00 DEBUG [eureka-server, , ] 30268 --- [           main] o.s.w.s.handler.SimpleUrlHandlerMapping  : Patterns [/webjars/**, /**] in 'resourceHandlerMapping'
2024-07-15T13:41:57.630-06:00 DEBUG [eureka-server, , ] 30268 --- [           main] .m.m.a.ExceptionHandlerExceptionResolver : ControllerAdvice beans: 0 @ExceptionHandler, 1 ResponseBodyAdvice
2024-07-15T13:41:58.042-06:00 DEBUG [eureka-server, , ] 30268 --- [           main] o.s.w.s.v.f.FreeMarkerConfigurer         : File system access not preferred: using SpringTemplateLoader
2024-07-15T13:41:58.187-06:00  WARN [eureka-server, , ] 30268 --- [           main] iguration$LoadBalancerCaffeineWarnLogger : Spring Cloud LoadBalancer is currently working with the default cache. While this cache implementation is useful for development and tests, it's recommended to use Caffeine cache in production.You can switch to using Caffeine cache, by adding it and org.springframework.cache.caffeine.CaffeineCacheManager to the classpath.
2024-07-15T13:41:58.545-06:00  INFO [eureka-server, , ] 30268 --- [           main] o.s.c.n.eureka.InstanceInfoFactory       : Setting initial instance status as: STARTING
2024-07-15T13:41:58.579-06:00  INFO [eureka-server, , ] 30268 --- [           main] com.netflix.discovery.DiscoveryClient    : Initializing Eureka in region us-east-1
2024-07-15T13:41:58.582-06:00  INFO [eureka-server, , ] 30268 --- [           main] com.netflix.discovery.DiscoveryClient    : Client configured to neither register nor query for data.
2024-07-15T13:41:58.588-06:00  INFO [eureka-server, , ] 30268 --- [           main] com.netflix.discovery.DiscoveryClient    : Discovery Client initialized at timestamp 1721072518587 with initial instances count: 0
2024-07-15T13:41:58.619-06:00  INFO [eureka-server, , ] 30268 --- [           main] c.n.eureka.DefaultEurekaServerContext    : Initializing ...
2024-07-15T13:41:58.620-06:00 DEBUG [eureka-server, , ] 30268 --- [           main] c.n.discovery.endpoint.EndpointUtils     : The availability zone for the given region us-east-1 are [defaultZone]
2024-07-15T13:41:58.620-06:00  WARN [eureka-server, , ] 30268 --- [           main] c.n.eureka.cluster.PeerEurekaNodes       : The replica size seems to be empty. Check the route 53 DNS Registry
2024-07-15T13:41:58.669-06:00  INFO [eureka-server, , ] 30268 --- [           main] c.n.e.registry.AbstractInstanceRegistry  : Finished initializing remote region registries. All known remote regions: []
2024-07-15T13:41:58.670-06:00  INFO [eureka-server, , ] 30268 --- [           main] c.n.eureka.DefaultEurekaServerContext    : Initialized
2024-07-15T13:41:58.781-06:00  INFO [eureka-server, , ] 30268 --- [           main] o.s.b.a.e.web.EndpointLinksResolver      : Exposing 1 endpoint(s) beneath base path '/actuator/discovery'
2024-07-15T13:41:58.841-06:00  INFO [eureka-server, , ] 30268 --- [           main] o.s.c.n.e.s.EurekaServiceRegistry        : Registering application EUREKA-SERVER with eureka with status UP
2024-07-15T13:41:58.858-06:00  INFO [eureka-server, , ] 30268 --- [           main] c.e.e.EurekaServerApplicationTests       : Started EurekaServerApplicationTests in 2.783 seconds (process running for 3.427)
2024-07-15T13:41:58.866-06:00  INFO [eureka-server, , ] 30268 --- [      Thread-10] o.s.c.n.e.server.EurekaServerBootstrap   : isAws returned false
2024-07-15T13:41:58.866-06:00  INFO [eureka-server, , ] 30268 --- [      Thread-10] o.s.c.n.e.server.EurekaServerBootstrap   : Initialized server context
2024-07-15T13:41:58.866-06:00  INFO [eureka-server, , ] 30268 --- [      Thread-10] c.n.e.r.PeerAwareInstanceRegistryImpl    : Got 1 instances from neighboring DS node
2024-07-15T13:41:58.866-06:00  INFO [eureka-server, , ] 30268 --- [      Thread-10] c.n.e.r.PeerAwareInstanceRegistryImpl    : Renew threshold is: 1
2024-07-15T13:41:58.867-06:00  INFO [eureka-server, , ] 30268 --- [      Thread-10] c.n.e.r.PeerAwareInstanceRegistryImpl    : Changing status to UP
2024-07-15T13:41:58.880-06:00  INFO [eureka-server, , ] 30268 --- [      Thread-10] e.s.EurekaServerInitializerConfiguration : Started Eureka Server
]]></system-out>
  </testcase>
</testsuite>